<?xml version="1.0" encoding="UTF-8"?>
<!-- Generated by org.testng.reporters.JUnitXMLReporter -->
<testsuite ignored="0" hostname="DESKTOP-OE4CUV9" failures="0" tests="8" name="Default test" time="46.181" errors="0" timestamp="2022-11-20T21:32:27 IST">
  <testcase classname="tests.LoginTests" name="setCapabilties" time="25.403"/>
  <testcase classname="tests.LoginTests" name="selLanguage" time="1.324"/>
  <testcase classname="tests.LoginTests" name="enterName" time="4.551"/>
  <testcase classname="tests.LoginTests" name="selectDate" time="5.415"/>
  <testcase classname="tests.LoginTests" name="selectMonth" time="2.055"/>
  <testcase classname="tests.LoginTests" name="signInWithGoogle" time="2.388"/>
  <testcase classname="tests.LoginTests" name="testForSKip" time="2.06"/>
  <testcase classname="tests.LoginTests" name="clickOnPopUp" time="2.902"/>
</testsuite> <!-- Default test -->
