<?xml version="1.0" encoding="UTF-8"?>
<!-- Generated by org.testng.reporters.JUnitXMLReporter -->
<testsuite ignored="2" hostname="DESKTOP-OE4CUV9" failures="0" tests="6" name="Login with skip flow" time="35.593" errors="0" timestamp="2022-11-20T21:08:38 IST">
  <testcase classname="tests.LoginTests" name="setCapabilties" time="19.151"/>
  <testcase classname="tests.LoginTests" name="selLanguage" time="1.694"/>
  <testcase classname="tests.LoginTests" name="enterName" time="4.9"/>
  <testcase classname="tests.LoginTests" name="selectDate" time="4.652"/>
  <testcase classname="tests.LoginTests" name="testForSKip" time="2.579"/>
  <testcase classname="tests.LoginTests" name="clickOnPopUp" time="2.456"/>
  <testcase classname="tests.LoginTests" name="selectMonth" time="0.0">
    <ignored/>
  </testcase> <!-- selectMonth -->
  <testcase classname="tests.LoginTests" name="signInWithGoogle" time="0.0">
    <ignored/>
  </testcase> <!-- signInWithGoogle -->
</testsuite> <!-- Login with skip flow -->
