<?xml version="1.0" encoding="UTF-8"?>
<!-- Generated by org.testng.reporters.JUnitXMLReporter -->
<testsuite ignored="1" hostname="DESKTOP-OE4CUV9" failures="0" tests="6" name="LoginWithGoogleTest" time="37.492" errors="0" timestamp="2022-11-20T18:34:11 IST">
  <testcase classname="tests.LoginWithGoogleTest" name="setCapabilties" time="15.826"/>
  <testcase classname="tests.LoginWithGoogleTest" name="selLanguage" time="1.811"/>
  <testcase classname="tests.LoginWithGoogleTest" name="enterName" time="4.493"/>
  <testcase classname="tests.LoginWithGoogleTest" name="selectMonth" time="2.04"/>
  <testcase classname="tests.LoginWithGoogleTest" name="enterMobileLogin" time="4.717"/>
  <testcase classname="tests.LoginWithGoogleTest" name="clickOnPopUp" time="8.59"/>
  <testcase classname="tests.LoginWithGoogleTest" name="testForSKip" time="0.0">
    <ignored/>
  </testcase> <!-- testForSKip -->
</testsuite> <!-- LoginWithGoogleTest -->
