<?xml version="1.0" encoding="UTF-8"?>
<!-- Generated by org.testng.reporters.JUnitXMLReporter -->
<testsuite ignored="1" hostname="DESKTOP-OE4CUV9" failures="0" tests="6" name="LoginWithSkipTest" time="36.007" errors="0" timestamp="2022-11-20T18:33:33 IST">
  <testcase classname="tests.LoginWithGoogleTest" name="setCapabilties" time="21.882"/>
  <testcase classname="tests.LoginWithGoogleTest" name="selLanguage" time="1.61"/>
  <testcase classname="tests.LoginWithGoogleTest" name="enterName" time="4.837"/>
  <testcase classname="tests.LoginWithGoogleTest" name="selectMonth" time="2.356"/>
  <testcase classname="tests.LoginWithGoogleTest" name="testForSKip" time="2.635"/>
  <testcase classname="tests.LoginWithGoogleTest" name="clickOnPopUp" time="2.639"/>
  <testcase classname="tests.LoginWithGoogleTest" name="enterMobileLogin" time="0.0">
    <ignored/>
  </testcase> <!-- enterMobileLogin -->
</testsuite> <!-- LoginWithSkipTest -->
