<?xml version="1.0" encoding="UTF-8"?>
<!-- Generated by org.testng.reporters.JUnitXMLReporter -->
<testsuite ignored="2" hostname="DESKTOP-OE4CUV9" failures="0" tests="6" name="Login with skip flow" time="39.805" errors="0" timestamp="2022-11-20T21:35:53 IST">
  <testcase classname="tests.LoginTests" name="setCapabilties" time="23.797"/>
  <testcase classname="tests.LoginTests" name="selLanguage" time="1.461"/>
  <testcase classname="tests.LoginTests" name="enterName" time="4.288"/>
  <testcase classname="tests.LoginTests" name="selectDate" time="4.674"/>
  <testcase classname="tests.LoginTests" name="testForSKip" time="2.757"/>
  <testcase classname="tests.LoginTests" name="clickOnPopUp" time="2.751"/>
  <testcase classname="tests.LoginTests" name="selectMonth" time="0.0">
    <ignored/>
  </testcase> <!-- selectMonth -->
  <testcase classname="tests.LoginTests" name="signInWithGoogle" time="0.0">
    <ignored/>
  </testcase> <!-- signInWithGoogle -->
</testsuite> <!-- Login with skip flow -->
