<?xml version="1.0" encoding="UTF-8"?>
<!-- Generated by org.testng.reporters.JUnitXMLReporter -->
<testsuite ignored="2" hostname="DESKTOP-OE4CUV9" failures="0" tests="6" name="Login with Google flow" time="40.074" errors="0" timestamp="2022-11-20T21:09:18 IST">
  <testcase classname="tests.LoginTests" name="setCapabilties" time="18.034"/>
  <testcase classname="tests.LoginTests" name="selLanguage" time="1.503"/>
  <testcase classname="tests.LoginTests" name="enterName" time="4.049"/>
  <testcase classname="tests.LoginTests" name="selectMonth" time="2.08"/>
  <testcase classname="tests.LoginTests" name="signInWithGoogle" time="4.693"/>
  <testcase classname="tests.LoginTests" name="clickOnPopUp" time="9.698"/>
  <testcase classname="tests.LoginTests" name="selectDate" time="0.0">
    <ignored/>
  </testcase> <!-- selectDate -->
  <testcase classname="tests.LoginTests" name="testForSKip" time="0.0">
    <ignored/>
  </testcase> <!-- testForSKip -->
</testsuite> <!-- Login with Google flow -->
