<?xml version="1.0" encoding="UTF-8"?>
<testng-results ignored="0" total="6" passed="6" failed="0" skipped="0">
  <reporter-output>
  </reporter-output>
  <suite started-at="2022-11-20T16:37:02 IST" name="Default suite" finished-at="2022-11-20T16:37:45 IST" duration-ms="42621">
    <groups>
    </groups>
    <test started-at="2022-11-20T16:37:02 IST" name="Default test" finished-at="2022-11-20T16:37:45 IST" duration-ms="42621">
      <class name="tests.BaseClass">
        <test-method signature="setCapabilties()[pri:1, instance:tests.BaseClass@4b5d6a01]" started-at="2022-11-20T16:37:02 IST" name="setCapabilties" finished-at="2022-11-20T16:37:20 IST" duration-ms="18513" status="PASS">
          <reporter-output>
          </reporter-output>
        </test-method> <!-- setCapabilties -->
        <test-method signature="selLanguage()[pri:2, instance:tests.BaseClass@4b5d6a01]" started-at="2022-11-20T16:37:20 IST" name="selLanguage" finished-at="2022-11-20T16:37:22 IST" duration-ms="1421" status="PASS">
          <reporter-output>
          </reporter-output>
        </test-method> <!-- selLanguage -->
        <test-method signature="enterName()[pri:3, instance:tests.BaseClass@4b5d6a01]" started-at="2022-11-20T16:37:22 IST" name="enterName" finished-at="2022-11-20T16:37:26 IST" duration-ms="4597" status="PASS">
          <reporter-output>
          </reporter-output>
        </test-method> <!-- enterName -->
        <test-method signature="selectMonth()[pri:4, instance:tests.BaseClass@4b5d6a01]" started-at="2022-11-20T16:37:26 IST" name="selectMonth" finished-at="2022-11-20T16:37:29 IST" duration-ms="2053" status="PASS">
          <reporter-output>
          </reporter-output>
        </test-method> <!-- selectMonth -->
        <test-method signature="enterMobileLogin()[pri:5, instance:tests.BaseClass@4b5d6a01]" started-at="2022-11-20T16:37:29 IST" name="enterMobileLogin" finished-at="2022-11-20T16:37:36 IST" duration-ms="7820" status="PASS">
          <reporter-output>
          </reporter-output>
        </test-method> <!-- enterMobileLogin -->
        <test-method signature="clickOnPopUp()[pri:6, instance:tests.BaseClass@4b5d6a01]" started-at="2022-11-20T16:37:36 IST" name="clickOnPopUp" finished-at="2022-11-20T16:37:45 IST" duration-ms="8154" status="PASS">
          <reporter-output>
          </reporter-output>
        </test-method> <!-- clickOnPopUp -->
      </class> <!-- tests.BaseClass -->
    </test> <!-- Default test -->
  </suite> <!-- Default suite -->
</testng-results>
